error[E0277]: the trait bound `B: derive_prompt::Prompt` is not satisfied
 --> tests/09-trait-not-sat.rs:9:9
  |
9 |     a2: B,
  |         ^ the trait `derive_prompt::Prompt` is not implemented for `B`
  |
  = help: the following other types implement trait `derive_prompt::Prompt`:
            A
            C
            String
            Vec<T>
            bool
            char
            f32
            f64
          and $N others

error[E0277]: the trait bound `B: derive_prompt::Prompt` is not satisfied
  --> tests/09-trait-not-sat.rs:15:7
   |
15 |     B(B)
   |       ^ the trait `derive_prompt::Prompt` is not implemented for `B`
   |
   = help: the following other types implement trait `derive_prompt::Prompt`:
             A
             C
             String
             Vec<T>
             bool
             char
             f32
             f64
           and $N others
